
  fn.   type   at.   n   l   m
    1 atomic     1   1   0   0
    2 atomic     1   2   0   0
    3 ionic      1   3   0   0
    4 atomic     1   3   0   0
    5 atomic     1   2   1  -1
    6 atomic     1   2   1   0
    7 atomic     1   2   1   1
    8 atomic     1   3   1  -1
    9 atomic     1   3   1   0
   10 atomic     1   3   1   1
   11 hydro      1   2   1  -1
   12 hydro      1   2   1   0
   13 hydro      1   2   1   1
   14 ionic      1   3   2  -2
   15 ionic      1   3   2  -1
   16 ionic      1   3   2   0
   17 ionic      1   3   2   1
   18 ionic      1   3   2   2
   19 hydro      1   4   3  -3
   20 hydro      1   4   3  -2
   21 hydro      1   4   3  -1
   22 hydro      1   4   3   0
   23 hydro      1   4   3   1
   24 hydro      1   4   3   2
   25 hydro      1   4   3   3
   26 atomic     2   1   0   0
   27 atomic     2   2   0   0
   28 atomic     2   3   0   0
   29 atomic     2   4   0   0
   30 ionic      2   5   0   0
   31 atomic     2   5   0   0
   32 atomic     2   2   1  -1
   33 atomic     2   2   1   0
   34 atomic     2   2   1   1
   35 atomic     2   3   1  -1
   36 atomic     2   3   1   0
   37 atomic     2   3   1   1
   38 atomic     2   4   1  -1
   39 atomic     2   4   1   0
   40 atomic     2   4   1   1
   41 ionic      2   5   1  -1
   42 ionic      2   5   1   0
   43 ionic      2   5   1   1
   44 atomic     2   3   2  -2
   45 atomic     2   3   2  -1
   46 atomic     2   3   2   0
   47 atomic     2   3   2   1
   48 atomic     2   3   2   2
   49 atomic     2   4   2  -2
   50 atomic     2   4   2  -1
   51 atomic     2   4   2   0
   52 atomic     2   4   2   1
   53 atomic     2   4   2   2
   54 hydro      2   3   2  -2
   55 hydro      2   3   2  -1
   56 hydro      2   3   2   0
   57 hydro      2   3   2   1
   58 hydro      2   3   2   2
   59 hydro      2   4   3  -3
   60 hydro      2   4   3  -2
   61 hydro      2   4   3  -1
   62 hydro      2   4   3   0
   63 hydro      2   4   3   1
   64 hydro      2   4   3   2
   65 hydro      2   4   3   3
   66 atomic     3   1   0   0
   67 atomic     3   2   0   0
   68 ionic      3   3   0   0
   69 atomic     3   3   0   0
   70 atomic     3   2   1  -1
   71 atomic     3   2   1   0
   72 atomic     3   2   1   1
   73 atomic     3   3   1  -1
   74 atomic     3   3   1   0
   75 atomic     3   3   1   1
   76 hydro      3   2   1  -1
   77 hydro      3   2   1   0
   78 hydro      3   2   1   1
   79 ionic      3   3   2  -2
   80 ionic      3   3   2  -1
   81 ionic      3   3   2   0
   82 ionic      3   3   2   1
   83 ionic      3   3   2   2
   84 hydro      3   4   3  -3
   85 hydro      3   4   3  -2
   86 hydro      3   4   3  -1
   87 hydro      3   4   3   0
   88 hydro      3   4   3   1
   89 hydro      3   4   3   2
   90 hydro      3   4   3   3
