
  fn.   type   at.   n   l   m
    1 atomic     1   1   0   0
    2 atomic     1   2   0   0
    3 ionic      1   3   0   0
    4 atomic     1   3   0   0
    5 atomic     1   2   1  -1
    6 atomic     1   2   1   0
    7 atomic     1   2   1   1
    8 atomic     1   3   1  -1
    9 atomic     1   3   1   0
   10 atomic     1   3   1   1
   11 hydro      1   2   1  -1
   12 hydro      1   2   1   0
   13 hydro      1   2   1   1
   14 hydro      1   3   2  -2
   15 hydro      1   3   2  -1
   16 hydro      1   3   2   0
   17 hydro      1   3   2   1
   18 hydro      1   3   2   2
   19 hydro      1   4   3  -3
   20 hydro      1   4   3  -2
   21 hydro      1   4   3  -1
   22 hydro      1   4   3   0
   23 hydro      1   4   3   1
   24 hydro      1   4   3   2
   25 hydro      1   4   3   3
   26 atomic     2   1   0   0
   27 atomic     2   2   0   0
   28 ionic      2   3   0   0
   29 atomic     2   3   0   0
   30 atomic     2   2   1  -1
   31 atomic     2   2   1   0
   32 atomic     2   2   1   1
   33 atomic     2   3   1  -1
   34 atomic     2   3   1   0
   35 atomic     2   3   1   1
   36 hydro      2   2   1  -1
   37 hydro      2   2   1   0
   38 hydro      2   2   1   1
   39 hydro      2   3   2  -2
   40 hydro      2   3   2  -1
   41 hydro      2   3   2   0
   42 hydro      2   3   2   1
   43 hydro      2   3   2   2
   44 hydro      2   4   3  -3
   45 hydro      2   4   3  -2
   46 hydro      2   4   3  -1
   47 hydro      2   4   3   0
   48 hydro      2   4   3   1
   49 hydro      2   4   3   2
   50 hydro      2   4   3   3
